Using pre-set license
Built from '2020.3/staging' branch; Version is '2020.3.10f1 (297d780c91bc) revision 2719096'; Using compiler version '192528614'; Build Type 'Release'
OS: 'Windows 10 Home; OS build 19044.1706; Version 2009; 64bit' Language: 'en' Physical Memory: 8084 MB
BatchMode: 1, IsHumanControllingUs: 0, StartBugReporterOnCrash: 0, Is64bit: 1, IsPro: 0

 COMMAND LINE ARGUMENTS:
C:\Program Files\Unity\Hub\Editor\2020.3.10f1\Editor\Unity.exe
-adb2
-batchMode
-noUpm
-name
AssetImportWorker0
-projectPath
C:/Users/erdog/Desktop/Ömer/RollerSplashClone-main/RollerBallSplashh
-logFile
Logs/AssetImportWorker0.log
-srvPort
49244
Successfully changed project path to: C:/Users/erdog/Desktop/Ömer/RollerSplashClone-main/RollerBallSplashh
C:/Users/erdog/Desktop/Ömer/RollerSplashClone-main/RollerBallSplashh
Using Asset Import Pipeline V2.
Refreshing native plugins compatible for Editor in 44.20 ms, found 2 plugins.
Preloading 0 native plugins for Editor in 0.00 ms.
Initialize engine version: 2020.3.10f1 (297d780c91bc)
[Subsystems] Discovering subsystems at path C:/Program Files/Unity/Hub/Editor/2020.3.10f1/Editor/Data/Resources/UnitySubsystems
[Subsystems] Discovering subsystems at path C:/Users/erdog/Desktop/Ömer/RollerSplashClone-main/RollerBallSplashh/Assets
GfxDevice: creating device client; threaded=0
Direct3D:
    Version:  Direct3D 11.0 [level 11.1]
    Renderer: NVIDIA GeForce GTX 1050 (ID=0x1c8d)
    Vendor:   
    VRAM:     4019 MB
    Driver:   30.0.15.1215
Initialize mono
Mono path[0] = 'C:/Program Files/Unity/Hub/Editor/2020.3.10f1/Editor/Data/Managed'
Mono path[1] = 'C:/Program Files/Unity/Hub/Editor/2020.3.10f1/Editor/Data/MonoBleedingEdge/lib/mono/unityjit'
Mono config path = 'C:/Program Files/Unity/Hub/Editor/2020.3.10f1/Editor/Data/MonoBleedingEdge/etc'
Using monoOptions --debugger-agent=transport=dt_socket,embedding=1,server=y,suspend=n,address=127.0.0.1:56240
Begin MonoManager ReloadAssembly
Registering precompiled unity dll's ...
Register platform support module: C:/Program Files/Unity/Hub/Editor/2020.3.10f1/Editor/Data/PlaybackEngines/WindowsStandaloneSupport/UnityEditor.WindowsStandalone.Extensions.dll
Registered in 0.002481 seconds.
Native extension for WindowsStandalone target not found
Refreshing native plugins compatible for Editor in 37.81 ms, found 2 plugins.
Preloading 0 native plugins for Editor in 0.00 ms.
Mono: successfully reloaded assembly
- Completed reload, in  3.347 seconds
Platform modules already initialized, skipping
Registering precompiled user dll's ...
Registered in 0.004660 seconds.
Begin MonoManager ReloadAssembly
Native extension for WindowsStandalone target not found
Refreshing native plugins compatible for Editor in 0.32 ms, found 2 plugins.
Preloading 0 native plugins for Editor in 0.00 ms.
Mono: successfully reloaded assembly
- Completed reload, in  1.034 seconds
Platform modules already initialized, skipping
========================================================================
Worker process is ready to serve import requests
Launched and connected shader compiler UnityShaderCompiler.exe after 0.06 seconds
Refreshing native plugins compatible for Editor in 0.41 ms, found 2 plugins.
Preloading 0 native plugins for Editor in 0.00 ms.
Unloading 1525 Unused Serialized files (Serialized files now loaded: 0)
System memory in use before: 68.1 MB.
System memory in use after: 68.2 MB.

Unloading 18 unused Assets to reduce memory usage. Loaded Objects now: 1963.
Total: 2.317000 ms (FindLiveObjects: 0.157600 ms CreateObjectMapping: 0.045600 ms MarkObjects: 2.016200 ms  DeleteObjects: 0.096700 ms)

========================================================================
Received Import Request.
  path: Assets/Scenes
  artifactKey: Guid(793edf00e65e5f14595697c93651e606) Importer(815301076,1909f56bfc062723c751e8b465ee728b)
Start importing Assets/Scenes using Guid(793edf00e65e5f14595697c93651e606) Importer(815301076,1909f56bfc062723c751e8b465ee728b)  -> (artifact id: '9bf4d574963e299ddde6fa24f9659aa4') in 0.009073 seconds
  Import took 0.011583 seconds .

========================================================================
Received Import Request.
  Time since last request: 0.000473 seconds.
  path: Assets/Scenes/SampleScene.unity
  artifactKey: Guid(9fc0d4010bbf28b4594072e72b8655ab) Importer(815301076,1909f56bfc062723c751e8b465ee728b)
Start importing Assets/Scenes/SampleScene.unity using Guid(9fc0d4010bbf28b4594072e72b8655ab) Importer(815301076,1909f56bfc062723c751e8b465ee728b)  -> (artifact id: '2a81ffae48fb67c75dfaaea514585ae4') in 0.019646 seconds
  Import took 0.022646 seconds .

========================================================================
Received Prepare
Registering precompiled user dll's ...
Registered in 0.044506 seconds.
Begin MonoManager ReloadAssembly
Native extension for WindowsStandalone target not found
Refreshing native plugins compatible for Editor in 0.31 ms, found 2 plugins.
Preloading 0 native plugins for Editor in 0.00 ms.
Mono: successfully reloaded assembly
- Completed reload, in  1.035 seconds
Platform modules already initialized, skipping
Refreshing native plugins compatible for Editor in 0.32 ms, found 2 plugins.
Preloading 0 native plugins for Editor in 0.00 ms.
Unloading 1519 Unused Serialized files (Serialized files now loaded: 0)
System memory in use before: 68.0 MB.
System memory in use after: 68.1 MB.

Unloading 13 unused Assets to reduce memory usage. Loaded Objects now: 1965.
Total: 1.873700 ms (FindLiveObjects: 0.152700 ms CreateObjectMapping: 0.040700 ms MarkObjects: 1.665600 ms  DeleteObjects: 0.014000 ms)

========================================================================
Received Import Request.
  Time since last request: 1505.045667 seconds.
  path: Assets/Resources/DOTweenSettings.asset
  artifactKey: Guid(c6b31e1be386c7440b2b06484a422f04) Importer(815301076,1909f56bfc062723c751e8b465ee728b)
Start importing Assets/Resources/DOTweenSettings.asset using Guid(c6b31e1be386c7440b2b06484a422f04) Importer(815301076,1909f56bfc062723c751e8b465ee728b)  -> (artifact id: 'd3265dc6784a0846a18cb0bbdb8f49c3') in 0.036527 seconds
  Import took 0.044622 seconds .

========================================================================
Received Import Request.
  Time since last request: 2.442758 seconds.
  path: Assets/Script/RolerSplash/LevelManager.cs
  artifactKey: Guid(e3e8b99e2c2e86141947d6f25774c830) Importer(815301076,1909f56bfc062723c751e8b465ee728b)
Start importing Assets/Script/RolerSplash/LevelManager.cs using Guid(e3e8b99e2c2e86141947d6f25774c830) Importer(815301076,1909f56bfc062723c751e8b465ee728b)  -> (artifact id: 'a82f1c79ea10d62b18e88d33414ab8ed') in 0.014747 seconds
  Import took 0.020199 seconds .

========================================================================
Received Import Request.
  Time since last request: 0.316409 seconds.
  path: Assets/Script/RolerSplash/LevelManager.cs
  artifactKey: Guid(e3e8b99e2c2e86141947d6f25774c830) Importer(815301076,1909f56bfc062723c751e8b465ee728b)
Start importing Assets/Script/RolerSplash/LevelManager.cs using Guid(e3e8b99e2c2e86141947d6f25774c830) Importer(815301076,1909f56bfc062723c751e8b465ee728b)  -> (artifact id: 'a82f1c79ea10d62b18e88d33414ab8ed') in 0.003679 seconds
  Import took 0.008503 seconds .

========================================================================
Received Import Request.
  Time since last request: 11.185656 seconds.
  path: Assets/Prefab/GroundPiece.prefab
  artifactKey: Guid(9b40be7f46c02d14abbba4c8ff5fc7b3) Importer(815301076,1909f56bfc062723c751e8b465ee728b)
Start importing Assets/Prefab/GroundPiece.prefab using Guid(9b40be7f46c02d14abbba4c8ff5fc7b3) Importer(815301076,1909f56bfc062723c751e8b465ee728b)  -> (artifact id: '2171031a43a03cc93bd9bc2769b842bb') in 0.408137 seconds
  Import took 0.507344 seconds .

========================================================================
Received Import Request.
  Time since last request: 0.000214 seconds.
  path: Assets/Prefab/Wall.prefab
  artifactKey: Guid(ced3f60485cca434ab2289c4648ec8ff) Importer(815301076,1909f56bfc062723c751e8b465ee728b)
Start importing Assets/Prefab/Wall.prefab using Guid(ced3f60485cca434ab2289c4648ec8ff) Importer(815301076,1909f56bfc062723c751e8b465ee728b)  -> (artifact id: '77b5356e1c7ebd550d3fd332bddba419') in 0.031990 seconds
  Import took 0.038394 seconds .

========================================================================
Received Import Request.
  Time since last request: 0.000193 seconds.
  path: Assets/Prefab/GroundPiece.prefab
  artifactKey: Guid(9b40be7f46c02d14abbba4c8ff5fc7b3) Importer(815301076,1909f56bfc062723c751e8b465ee728b)
Start importing Assets/Prefab/GroundPiece.prefab using Guid(9b40be7f46c02d14abbba4c8ff5fc7b3) Importer(815301076,1909f56bfc062723c751e8b465ee728b)  -> (artifact id: '2171031a43a03cc93bd9bc2769b842bb') in 0.013455 seconds
  Import took 0.017983 seconds .

========================================================================
Received Import Request.
  Time since last request: 0.000327 seconds.
  path: Assets/Prefab/RoadTile.prefab
  artifactKey: Guid(4979d8ce5c256d74097689a93f773cba) Importer(815301076,1909f56bfc062723c751e8b465ee728b)
Start importing Assets/Prefab/RoadTile.prefab using Guid(4979d8ce5c256d74097689a93f773cba) Importer(815301076,1909f56bfc062723c751e8b465ee728b)  -> (artifact id: 'e965e4e6b1f875999ee59c976962522a') in 0.018905 seconds
  Import took 0.024192 seconds .

========================================================================
Received Import Request.
  Time since last request: 0.000226 seconds.
  path: Assets/Prefab/WallTile.prefab
  artifactKey: Guid(8cbe281d33916e641b2b68b4e18ab1fe) Importer(815301076,1909f56bfc062723c751e8b465ee728b)
Start importing Assets/Prefab/WallTile.prefab using Guid(8cbe281d33916e641b2b68b4e18ab1fe) Importer(815301076,1909f56bfc062723c751e8b465ee728b)  -> (artifact id: '880ac4200c0c6d2d4312bd59da67d031') in 0.025301 seconds
  Import took 0.030751 seconds .

========================================================================
Received Prepare
Registering precompiled user dll's ...
Registered in 0.004562 seconds.
Begin MonoManager ReloadAssembly
Native extension for WindowsStandalone target not found
Refreshing native plugins compatible for Editor in 0.34 ms, found 2 plugins.
Preloading 0 native plugins for Editor in 0.00 ms.
Mono: successfully reloaded assembly
- Completed reload, in  0.910 seconds
Platform modules already initialized, skipping
Refreshing native plugins compatible for Editor in 0.35 ms, found 2 plugins.
Preloading 0 native plugins for Editor in 0.00 ms.
Unloading 1519 Unused Serialized files (Serialized files now loaded: 0)
System memory in use before: 71.1 MB.
System memory in use after: 71.3 MB.

Unloading 13 unused Assets to reduce memory usage. Loaded Objects now: 1975.
Total: 1.837600 ms (FindLiveObjects: 0.156400 ms CreateObjectMapping: 0.041900 ms MarkObjects: 1.623400 ms  DeleteObjects: 0.015000 ms)

========================================================================
Received Prepare
Registering precompiled user dll's ...
Registered in 0.004600 seconds.
Begin MonoManager ReloadAssembly
Native extension for WindowsStandalone target not found
Refreshing native plugins compatible for Editor in 0.31 ms, found 2 plugins.
Preloading 0 native plugins for Editor in 0.00 ms.
Mono: successfully reloaded assembly
- Completed reload, in  0.986 seconds
Platform modules already initialized, skipping
Refreshing native plugins compatible for Editor in 0.34 ms, found 2 plugins.
Preloading 0 native plugins for Editor in 0.00 ms.
Unloading 1519 Unused Serialized files (Serialized files now loaded: 0)
System memory in use before: 71.2 MB.
System memory in use after: 71.3 MB.

Unloading 13 unused Assets to reduce memory usage. Loaded Objects now: 1977.
Total: 1.824500 ms (FindLiveObjects: 0.239100 ms CreateObjectMapping: 0.054200 ms MarkObjects: 1.516200 ms  DeleteObjects: 0.013900 ms)

========================================================================
Received Prepare
Registering precompiled user dll's ...
Registered in 0.003890 seconds.
Begin MonoManager ReloadAssembly
Native extension for WindowsStandalone target not found
Refreshing native plugins compatible for Editor in 0.42 ms, found 2 plugins.
Preloading 0 native plugins for Editor in 0.00 ms.
Mono: successfully reloaded assembly
- Completed reload, in  0.985 seconds
Platform modules already initialized, skipping
Refreshing native plugins compatible for Editor in 0.33 ms, found 2 plugins.
Preloading 0 native plugins for Editor in 0.00 ms.
Unloading 1519 Unused Serialized files (Serialized files now loaded: 0)
System memory in use before: 71.2 MB.
System memory in use after: 71.3 MB.

Unloading 13 unused Assets to reduce memory usage. Loaded Objects now: 1979.
Total: 1.734000 ms (FindLiveObjects: 0.183800 ms CreateObjectMapping: 0.050800 ms MarkObjects: 1.483800 ms  DeleteObjects: 0.014600 ms)

========================================================================
Received Prepare
Registering precompiled user dll's ...
Registered in 0.003799 seconds.
Begin MonoManager ReloadAssembly
Native extension for WindowsStandalone target not found
Refreshing native plugins compatible for Editor in 0.31 ms, found 2 plugins.
Preloading 0 native plugins for Editor in 0.00 ms.
Mono: successfully reloaded assembly
- Completed reload, in  1.008 seconds
Platform modules already initialized, skipping
Refreshing native plugins compatible for Editor in 0.35 ms, found 2 plugins.
Preloading 0 native plugins for Editor in 0.00 ms.
Unloading 1519 Unused Serialized files (Serialized files now loaded: 0)
System memory in use before: 71.2 MB.
System memory in use after: 71.3 MB.

Unloading 13 unused Assets to reduce memory usage. Loaded Objects now: 1981.
Total: 1.800800 ms (FindLiveObjects: 0.129700 ms CreateObjectMapping: 0.048500 ms MarkObjects: 1.607800 ms  DeleteObjects: 0.014000 ms)

========================================================================
Received Prepare
Registering precompiled user dll's ...
Registered in 0.004251 seconds.
Begin MonoManager ReloadAssembly
Native extension for WindowsStandalone target not found
Refreshing native plugins compatible for Editor in 0.34 ms, found 2 plugins.
Preloading 0 native plugins for Editor in 0.00 ms.
Mono: successfully reloaded assembly
- Completed reload, in  0.950 seconds
Platform modules already initialized, skipping
Refreshing native plugins compatible for Editor in 0.63 ms, found 2 plugins.
Preloading 0 native plugins for Editor in 0.00 ms.
Unloading 1519 Unused Serialized files (Serialized files now loaded: 0)
System memory in use before: 71.2 MB.
System memory in use after: 71.3 MB.

Unloading 13 unused Assets to reduce memory usage. Loaded Objects now: 1983.
Total: 1.975200 ms (FindLiveObjects: 0.139900 ms CreateObjectMapping: 0.044300 ms MarkObjects: 1.747800 ms  DeleteObjects: 0.042200 ms)

========================================================================
Received Prepare
Registering precompiled user dll's ...
Registered in 0.003865 seconds.
Begin MonoManager ReloadAssembly
Native extension for WindowsStandalone target not found
Refreshing native plugins compatible for Editor in 0.31 ms, found 2 plugins.
Preloading 0 native plugins for Editor in 0.00 ms.
Mono: successfully reloaded assembly
- Completed reload, in  0.964 seconds
Platform modules already initialized, skipping
Refreshing native plugins compatible for Editor in 0.36 ms, found 2 plugins.
Preloading 0 native plugins for Editor in 0.00 ms.
Unloading 1519 Unused Serialized files (Serialized files now loaded: 0)
System memory in use before: 71.2 MB.
System memory in use after: 71.3 MB.

Unloading 13 unused Assets to reduce memory usage. Loaded Objects now: 1985.
Total: 1.782500 ms (FindLiveObjects: 0.144800 ms CreateObjectMapping: 0.047100 ms MarkObjects: 1.575400 ms  DeleteObjects: 0.014100 ms)

========================================================================
Received Prepare
Registering precompiled user dll's ...
Registered in 0.003863 seconds.
Begin MonoManager ReloadAssembly
Native extension for WindowsStandalone target not found
Refreshing native plugins compatible for Editor in 0.46 ms, found 2 plugins.
Preloading 0 native plugins for Editor in 0.00 ms.
Mono: successfully reloaded assembly
- Completed reload, in  0.995 seconds
Platform modules already initialized, skipping
Refreshing native plugins compatible for Editor in 0.35 ms, found 2 plugins.
Preloading 0 native plugins for Editor in 0.00 ms.
Unloading 1519 Unused Serialized files (Serialized files now loaded: 0)
System memory in use before: 71.2 MB.
System memory in use after: 71.3 MB.

Unloading 13 unused Assets to reduce memory usage. Loaded Objects now: 1987.
Total: 4.892300 ms (FindLiveObjects: 0.224100 ms CreateObjectMapping: 0.088000 ms MarkObjects: 4.537500 ms  DeleteObjects: 0.025100 ms)

========================================================================
Received Import Request.
  Time since last request: 1264.022131 seconds.
  path: Assets/Texture/LevelTexture/Levels Textures/pixil-frame-0.png
  artifactKey: Guid(4507442299f929e46bee536f82329146) Importer(815301076,1909f56bfc062723c751e8b465ee728b)
Start importing Assets/Texture/LevelTexture/Levels Textures/pixil-frame-0.png using Guid(4507442299f929e46bee536f82329146) Importer(815301076,1909f56bfc062723c751e8b465ee728b)  -> (artifact id: '3537ce91ce021ebd3e43395ed31ff2e7') in 0.050416 seconds
  Import took 0.054499 seconds .

========================================================================
Received Import Request.
  Time since last request: 21.058259 seconds.
  path: Assets/Texture/LevelTexture/Levels Textures/pixil-frame-0.png
  artifactKey: Guid(4507442299f929e46bee536f82329146) Importer(815301076,1909f56bfc062723c751e8b465ee728b)
Start importing Assets/Texture/LevelTexture/Levels Textures/pixil-frame-0.png using Guid(4507442299f929e46bee536f82329146) Importer(815301076,1909f56bfc062723c751e8b465ee728b)  -> (artifact id: '40ae06f1114f900dd9c3fb13b4ded398') in 0.010554 seconds
  Import took 0.016120 seconds .

========================================================================
Received Import Request.
  Time since last request: 5.394439 seconds.
  path: Assets/Texture/LevelTexture/Levels Textures/pixil-frame-0.png
  artifactKey: Guid(4507442299f929e46bee536f82329146) Importer(815301076,1909f56bfc062723c751e8b465ee728b)
Start importing Assets/Texture/LevelTexture/Levels Textures/pixil-frame-0.png using Guid(4507442299f929e46bee536f82329146) Importer(815301076,1909f56bfc062723c751e8b465ee728b)  -> (artifact id: '27c86fe7a6619249e71971839a9f919c') in 0.025683 seconds
  Import took 0.031404 seconds .

========================================================================
Received Import Request.
  Time since last request: 2.625259 seconds.
  path: Assets/Texture/LevelTexture/Levels Textures/pixil-frame-0.png
  artifactKey: Guid(4507442299f929e46bee536f82329146) Importer(815301076,1909f56bfc062723c751e8b465ee728b)
Start importing Assets/Texture/LevelTexture/Levels Textures/pixil-frame-0.png using Guid(4507442299f929e46bee536f82329146) Importer(815301076,1909f56bfc062723c751e8b465ee728b)  -> (artifact id: '0dac3a3e8ae716c48f8986d997ef3446') in 0.007307 seconds
  Import took 0.011065 seconds .

========================================================================
Received Import Request.
  Time since last request: 0.010546 seconds.
  path: Assets/Texture/LevelTexture/Levels Textures/pixil-frame-0.png
  artifactKey: Guid(4507442299f929e46bee536f82329146) Importer(815301076,1909f56bfc062723c751e8b465ee728b)
Start importing Assets/Texture/LevelTexture/Levels Textures/pixil-frame-0.png using Guid(4507442299f929e46bee536f82329146) Importer(815301076,1909f56bfc062723c751e8b465ee728b)  -> (artifact id: '0dac3a3e8ae716c48f8986d997ef3446') in 0.008077 seconds
  Import took 0.011784 seconds .

========================================================================
Received Import Request.
  Time since last request: 4.605855 seconds.
  path: Assets/Texture/LevelTexture/Levels Textures/pixil-frame-0.png
  artifactKey: Guid(4507442299f929e46bee536f82329146) Importer(815301076,1909f56bfc062723c751e8b465ee728b)
Start importing Assets/Texture/LevelTexture/Levels Textures/pixil-frame-0.png using Guid(4507442299f929e46bee536f82329146) Importer(815301076,1909f56bfc062723c751e8b465ee728b)  -> (artifact id: '73c242506ef213efb192905926972efb') in 0.006644 seconds
  Import took 0.011379 seconds .

========================================================================
Received Import Request.
  Time since last request: 0.009789 seconds.
  path: Assets/Texture/LevelTexture/Levels Textures/pixil-frame-0.png
  artifactKey: Guid(4507442299f929e46bee536f82329146) Importer(815301076,1909f56bfc062723c751e8b465ee728b)
Start importing Assets/Texture/LevelTexture/Levels Textures/pixil-frame-0.png using Guid(4507442299f929e46bee536f82329146) Importer(815301076,1909f56bfc062723c751e8b465ee728b)  -> (artifact id: '73c242506ef213efb192905926972efb') in 0.006574 seconds
  Import took 0.010794 seconds .

========================================================================
Received Prepare
Registering precompiled user dll's ...
Registered in 0.005604 seconds.
Begin MonoManager ReloadAssembly
Native extension for WindowsStandalone target not found
Refreshing native plugins compatible for Editor in 0.37 ms, found 2 plugins.
Preloading 0 native plugins for Editor in 0.00 ms.
Mono: successfully reloaded assembly
- Completed reload, in  1.236 seconds
Platform modules already initialized, skipping
Refreshing native plugins compatible for Editor in 0.48 ms, found 2 plugins.
Preloading 0 native plugins for Editor in 0.00 ms.
Unloading 1519 Unused Serialized files (Serialized files now loaded: 0)
System memory in use before: 72.2 MB.
System memory in use after: 72.3 MB.

Unloading 13 unused Assets to reduce memory usage. Loaded Objects now: 1992.
Total: 2.163800 ms (FindLiveObjects: 0.190900 ms CreateObjectMapping: 0.071900 ms MarkObjects: 1.882100 ms  DeleteObjects: 0.017800 ms)

========================================================================
Received Import Request.
  Time since last request: 91.848068 seconds.
  path: Assets/Texture/LevelTexture/Levels Textures/pixil-frame-0.png
  artifactKey: Guid(4507442299f929e46bee536f82329146) Importer(815301076,1909f56bfc062723c751e8b465ee728b)
Start importing Assets/Texture/LevelTexture/Levels Textures/pixil-frame-0.png using Guid(4507442299f929e46bee536f82329146) Importer(815301076,1909f56bfc062723c751e8b465ee728b)  -> (artifact id: '266d14a11fd09157ee89064345732889') in 0.042471 seconds
  Import took 0.046451 seconds .

========================================================================
Received Prepare
Registering precompiled user dll's ...
Registered in 0.020562 seconds.
Begin MonoManager ReloadAssembly
Native extension for WindowsStandalone target not found
Refreshing native plugins compatible for Editor in 0.39 ms, found 2 plugins.
Preloading 0 native plugins for Editor in 0.00 ms.
Mono: successfully reloaded assembly
- Completed reload, in  1.332 seconds
Platform modules already initialized, skipping
Refreshing native plugins compatible for Editor in 0.41 ms, found 2 plugins.
Preloading 0 native plugins for Editor in 0.00 ms.
Unloading 1519 Unused Serialized files (Serialized files now loaded: 0)
System memory in use before: 72.2 MB.
System memory in use after: 72.3 MB.

Unloading 13 unused Assets to reduce memory usage. Loaded Objects now: 1994.
Total: 2.230300 ms (FindLiveObjects: 0.192900 ms CreateObjectMapping: 0.049400 ms MarkObjects: 1.933400 ms  DeleteObjects: 0.024400 ms)

========================================================================
Received Import Request.
  Time since last request: 3710.329356 seconds.
  path: Assets/Texture/LevelTexture/Levels Textures/pixil-frame-0 (1).png
  artifactKey: Guid(38d21839cf5231f45a2ba4e7064e2c4a) Importer(815301076,1909f56bfc062723c751e8b465ee728b)
Start importing Assets/Texture/LevelTexture/Levels Textures/pixil-frame-0 (1).png using Guid(38d21839cf5231f45a2ba4e7064e2c4a) Importer(815301076,1909f56bfc062723c751e8b465ee728b)  -> (artifact id: 'd506d11055ca3c7fc871871548774158') in 0.043294 seconds
  Import took 0.050242 seconds .

========================================================================
Received Import Request.
  Time since last request: 0.000569 seconds.
  path: Assets/Texture/LevelTexture/Levels Textures/pixil-frame-0 (3).png
  artifactKey: Guid(70b6a070c553baf4585a31280771f744) Importer(815301076,1909f56bfc062723c751e8b465ee728b)
Start importing Assets/Texture/LevelTexture/Levels Textures/pixil-frame-0 (3).png using Guid(70b6a070c553baf4585a31280771f744) Importer(815301076,1909f56bfc062723c751e8b465ee728b)  -> (artifact id: '056a88fd0f8057bd483cf8e0c7614127') in 0.009922 seconds
  Import took 0.013992 seconds .

========================================================================
Received Import Request.
  Time since last request: 0.000297 seconds.
  path: Assets/Texture/LevelTexture/Levels Textures/pixil-frame-0 (2).png
  artifactKey: Guid(5287c9d5446bb9f49b82985c35036c40) Importer(815301076,1909f56bfc062723c751e8b465ee728b)
Start importing Assets/Texture/LevelTexture/Levels Textures/pixil-frame-0 (2).png using Guid(5287c9d5446bb9f49b82985c35036c40) Importer(815301076,1909f56bfc062723c751e8b465ee728b)  -> (artifact id: '8ff76e7f226458347a50d25e9e9f19e3') in 0.010737 seconds
  Import took 0.014432 seconds .

========================================================================
Received Import Request.
  Time since last request: 0.000323 seconds.
  path: Assets/Texture/LevelTexture/Levels Textures/pixil-frame-0 (4).png
  artifactKey: Guid(ca3bff2524635604292d55ef06e389d1) Importer(815301076,1909f56bfc062723c751e8b465ee728b)
Start importing Assets/Texture/LevelTexture/Levels Textures/pixil-frame-0 (4).png using Guid(ca3bff2524635604292d55ef06e389d1) Importer(815301076,1909f56bfc062723c751e8b465ee728b)  -> (artifact id: 'eae087055891a78fdac234a467b21ba6') in 0.010385 seconds
  Import took 0.014060 seconds .

========================================================================
Received Import Request.
  Time since last request: 12.620233 seconds.
  path: Assets/Texture/LevelTexture/Levels Textures/pixil-frame-0 (1).png
  artifactKey: Guid(38d21839cf5231f45a2ba4e7064e2c4a) Importer(815301076,1909f56bfc062723c751e8b465ee728b)
Start importing Assets/Texture/LevelTexture/Levels Textures/pixil-frame-0 (1).png using Guid(38d21839cf5231f45a2ba4e7064e2c4a) Importer(815301076,1909f56bfc062723c751e8b465ee728b)  -> (artifact id: '31e8447df89301c4f3760d46266bfde9') in 0.010281 seconds
  Import took 0.015583 seconds .

========================================================================
Received Import Request.
  Time since last request: 0.000330 seconds.
  path: Assets/Texture/LevelTexture/Levels Textures/pixil-frame-0 (3).png
  artifactKey: Guid(70b6a070c553baf4585a31280771f744) Importer(815301076,1909f56bfc062723c751e8b465ee728b)
Start importing Assets/Texture/LevelTexture/Levels Textures/pixil-frame-0 (3).png using Guid(70b6a070c553baf4585a31280771f744) Importer(815301076,1909f56bfc062723c751e8b465ee728b)  -> (artifact id: '9c3823a8d47d8401c78f78e7ee80cc98') in 0.011214 seconds
  Import took 0.015034 seconds .

========================================================================
Received Import Request.
  Time since last request: 0.000329 seconds.
  path: Assets/Texture/LevelTexture/Levels Textures/pixil-frame-0 (1).png
  artifactKey: Guid(38d21839cf5231f45a2ba4e7064e2c4a) Importer(815301076,1909f56bfc062723c751e8b465ee728b)
Start importing Assets/Texture/LevelTexture/Levels Textures/pixil-frame-0 (1).png using Guid(38d21839cf5231f45a2ba4e7064e2c4a) Importer(815301076,1909f56bfc062723c751e8b465ee728b)  -> (artifact id: '31e8447df89301c4f3760d46266bfde9') in 0.008165 seconds
  Import took 0.011186 seconds .

========================================================================
Received Import Request.
  Time since last request: 0.000289 seconds.
  path: Assets/Texture/LevelTexture/Levels Textures/pixil-frame-0 (2).png
  artifactKey: Guid(5287c9d5446bb9f49b82985c35036c40) Importer(815301076,1909f56bfc062723c751e8b465ee728b)
Start importing Assets/Texture/LevelTexture/Levels Textures/pixil-frame-0 (2).png using Guid(5287c9d5446bb9f49b82985c35036c40) Importer(815301076,1909f56bfc062723c751e8b465ee728b)  -> (artifact id: '0a2f4ac65a0b0a68eee4ba52b771ace5') in 0.010123 seconds
  Import took 0.014240 seconds .

========================================================================
Received Import Request.
  Time since last request: 0.000336 seconds.
  path: Assets/Texture/LevelTexture/Levels Textures/pixil-frame-0 (4).png
  artifactKey: Guid(ca3bff2524635604292d55ef06e389d1) Importer(815301076,1909f56bfc062723c751e8b465ee728b)
Start importing Assets/Texture/LevelTexture/Levels Textures/pixil-frame-0 (4).png using Guid(ca3bff2524635604292d55ef06e389d1) Importer(815301076,1909f56bfc062723c751e8b465ee728b)  -> (artifact id: 'cc726ce92353a262ababd28ebb19e44d') in 0.010024 seconds
  Import took 0.015151 seconds .

========================================================================
Received Import Request.
  Time since last request: 0.000294 seconds.
  path: Assets/Texture/LevelTexture/Levels Textures/pixil-frame-0 (2).png
  artifactKey: Guid(5287c9d5446bb9f49b82985c35036c40) Importer(815301076,1909f56bfc062723c751e8b465ee728b)
Start importing Assets/Texture/LevelTexture/Levels Textures/pixil-frame-0 (2).png using Guid(5287c9d5446bb9f49b82985c35036c40) Importer(815301076,1909f56bfc062723c751e8b465ee728b)  -> (artifact id: '0a2f4ac65a0b0a68eee4ba52b771ace5') in 0.006929 seconds
  Import took 0.009663 seconds .

========================================================================
Received Import Request.
  Time since last request: 0.007401 seconds.
  path: Assets/Texture/LevelTexture/Levels Textures/pixil-frame-0 (4).png
  artifactKey: Guid(ca3bff2524635604292d55ef06e389d1) Importer(815301076,1909f56bfc062723c751e8b465ee728b)
Start importing Assets/Texture/LevelTexture/Levels Textures/pixil-frame-0 (4).png using Guid(ca3bff2524635604292d55ef06e389d1) Importer(815301076,1909f56bfc062723c751e8b465ee728b)  -> (artifact id: 'cc726ce92353a262ababd28ebb19e44d') in 0.006767 seconds
  Import took 0.010873 seconds .

========================================================================
Received Import Request.
  Time since last request: 7.364627 seconds.
  path: Assets/Texture/LevelTexture/Levels Textures/pixil-frame-0 (1).png
  artifactKey: Guid(38d21839cf5231f45a2ba4e7064e2c4a) Importer(815301076,1909f56bfc062723c751e8b465ee728b)
Start importing Assets/Texture/LevelTexture/Levels Textures/pixil-frame-0 (1).png using Guid(38d21839cf5231f45a2ba4e7064e2c4a) Importer(815301076,1909f56bfc062723c751e8b465ee728b)  -> (artifact id: 'd52a1f67950d1d07256463bbb0c29940') in 0.007469 seconds
  Import took 0.011579 seconds .

========================================================================
Received Import Request.
  Time since last request: 0.000287 seconds.
  path: Assets/Texture/LevelTexture/Levels Textures/pixil-frame-0 (3).png
  artifactKey: Guid(70b6a070c553baf4585a31280771f744) Importer(815301076,1909f56bfc062723c751e8b465ee728b)
Start importing Assets/Texture/LevelTexture/Levels Textures/pixil-frame-0 (3).png using Guid(70b6a070c553baf4585a31280771f744) Importer(815301076,1909f56bfc062723c751e8b465ee728b)  -> (artifact id: '811b1015e6ea4c1ebcdcebe755c2515d') in 0.008550 seconds
  Import took 0.012803 seconds .

========================================================================
Received Import Request.
  Time since last request: 0.000290 seconds.
  path: Assets/Texture/LevelTexture/Levels Textures/pixil-frame-0 (1).png
  artifactKey: Guid(38d21839cf5231f45a2ba4e7064e2c4a) Importer(815301076,1909f56bfc062723c751e8b465ee728b)
Start importing Assets/Texture/LevelTexture/Levels Textures/pixil-frame-0 (1).png using Guid(38d21839cf5231f45a2ba4e7064e2c4a) Importer(815301076,1909f56bfc062723c751e8b465ee728b)  -> (artifact id: 'd52a1f67950d1d07256463bbb0c29940') in 0.007451 seconds
  Import took 0.010764 seconds .

========================================================================
Received Import Request.
  Time since last request: 0.000302 seconds.
  path: Assets/Texture/LevelTexture/Levels Textures/pixil-frame-0 (2).png
  artifactKey: Guid(5287c9d5446bb9f49b82985c35036c40) Importer(815301076,1909f56bfc062723c751e8b465ee728b)
Start importing Assets/Texture/LevelTexture/Levels Textures/pixil-frame-0 (2).png using Guid(5287c9d5446bb9f49b82985c35036c40) Importer(815301076,1909f56bfc062723c751e8b465ee728b)  -> (artifact id: 'fa28cbe9b4d0929e0d6db3294885771a') in 0.007787 seconds
  Import took 0.012006 seconds .

========================================================================
Received Import Request.
  Time since last request: 0.000274 seconds.
  path: Assets/Texture/LevelTexture/Levels Textures/pixil-frame-0 (4).png
  artifactKey: Guid(ca3bff2524635604292d55ef06e389d1) Importer(815301076,1909f56bfc062723c751e8b465ee728b)
Start importing Assets/Texture/LevelTexture/Levels Textures/pixil-frame-0 (4).png using Guid(ca3bff2524635604292d55ef06e389d1) Importer(815301076,1909f56bfc062723c751e8b465ee728b)  -> (artifact id: 'c01ac518752d3a6260dbc0a91a57d33e') in 0.008093 seconds
  Import took 0.011270 seconds .

========================================================================
Received Import Request.
  Time since last request: 0.000878 seconds.
  path: Assets/Texture/LevelTexture/Levels Textures/pixil-frame-0 (2).png
  artifactKey: Guid(5287c9d5446bb9f49b82985c35036c40) Importer(815301076,1909f56bfc062723c751e8b465ee728b)
Start importing Assets/Texture/LevelTexture/Levels Textures/pixil-frame-0 (2).png using Guid(5287c9d5446bb9f49b82985c35036c40) Importer(815301076,1909f56bfc062723c751e8b465ee728b)  -> (artifact id: 'fa28cbe9b4d0929e0d6db3294885771a') in 0.006439 seconds
  Import took 0.010396 seconds .

========================================================================
Received Prepare
Registering precompiled user dll's ...
Registered in 0.006107 seconds.
Begin MonoManager ReloadAssembly
Native extension for WindowsStandalone target not found
Refreshing native plugins compatible for Editor in 0.43 ms, found 2 plugins.
Preloading 0 native plugins for Editor in 0.00 ms.
Mono: successfully reloaded assembly
- Completed reload, in  0.986 seconds
Platform modules already initialized, skipping
Refreshing native plugins compatible for Editor in 0.39 ms, found 2 plugins.
Preloading 0 native plugins for Editor in 0.00 ms.
Unloading 1519 Unused Serialized files (Serialized files now loaded: 0)
System memory in use before: 72.2 MB.
System memory in use after: 72.3 MB.

Unloading 13 unused Assets to reduce memory usage. Loaded Objects now: 1998.
Total: 1.714000 ms (FindLiveObjects: 0.133800 ms CreateObjectMapping: 0.041600 ms MarkObjects: 1.522800 ms  DeleteObjects: 0.014900 ms)

========================================================================
Received Prepare
Registering precompiled user dll's ...
Registered in 0.004550 seconds.
Begin MonoManager ReloadAssembly
Native extension for WindowsStandalone target not found
Refreshing native plugins compatible for Editor in 0.32 ms, found 2 plugins.
Preloading 0 native plugins for Editor in 0.00 ms.
Mono: successfully reloaded assembly
- Completed reload, in  0.995 seconds
Platform modules already initialized, skipping
Refreshing native plugins compatible for Editor in 0.37 ms, found 2 plugins.
Preloading 0 native plugins for Editor in 0.00 ms.
Unloading 1519 Unused Serialized files (Serialized files now loaded: 0)
System memory in use before: 72.2 MB.
System memory in use after: 72.3 MB.

Unloading 13 unused Assets to reduce memory usage. Loaded Objects now: 2000.
Total: 1.960700 ms (FindLiveObjects: 0.164500 ms CreateObjectMapping: 0.048800 ms MarkObjects: 1.731900 ms  DeleteObjects: 0.014600 ms)

========================================================================
Received Prepare
Registering precompiled user dll's ...
Registered in 0.005757 seconds.
Begin MonoManager ReloadAssembly
Native extension for WindowsStandalone target not found
Refreshing native plugins compatible for Editor in 0.55 ms, found 2 plugins.
Preloading 0 native plugins for Editor in 0.00 ms.
Mono: successfully reloaded assembly
- Completed reload, in  1.347 seconds
Platform modules already initialized, skipping
Refreshing native plugins compatible for Editor in 0.37 ms, found 2 plugins.
Preloading 0 native plugins for Editor in 0.00 ms.
Unloading 1519 Unused Serialized files (Serialized files now loaded: 0)
System memory in use before: 72.2 MB.
System memory in use after: 72.3 MB.

Unloading 13 unused Assets to reduce memory usage. Loaded Objects now: 2002.
Total: 4.143300 ms (FindLiveObjects: 0.236900 ms CreateObjectMapping: 0.066600 ms MarkObjects: 3.821500 ms  DeleteObjects: 0.017000 ms)

========================================================================
Received Import Request.
  Time since last request: 223.036010 seconds.
  path: Assets/Texture/LevelTexture/Levels Textures/New Lighting Settings.lighting
  artifactKey: Guid(341ec47a6a8af8643944720e03762e4d) Importer(815301076,1909f56bfc062723c751e8b465ee728b)
Start importing Assets/Texture/LevelTexture/Levels Textures/New Lighting Settings.lighting using Guid(341ec47a6a8af8643944720e03762e4d) Importer(815301076,1909f56bfc062723c751e8b465ee728b)  -> (artifact id: 'f3b8b2608c8b5c14bbb69e5e76fd6de7') in 0.022904 seconds
  Import took 0.026823 seconds .

========================================================================
Received Import Request.
  Time since last request: 5.549160 seconds.
  path: Assets/Texture/LevelTexture/Levels Textures/sceneLight.lighting
  artifactKey: Guid(341ec47a6a8af8643944720e03762e4d) Importer(815301076,1909f56bfc062723c751e8b465ee728b)
Start importing Assets/Texture/LevelTexture/Levels Textures/sceneLight.lighting using Guid(341ec47a6a8af8643944720e03762e4d) Importer(815301076,1909f56bfc062723c751e8b465ee728b)  -> (artifact id: 'e18b543cfcd8fc07d0c019874bb8d899') in 0.008296 seconds
  Import took 0.013225 seconds .

========================================================================
Received Prepare
Registering precompiled user dll's ...
Registered in 0.005271 seconds.
Begin MonoManager ReloadAssembly
Native extension for WindowsStandalone target not found
Refreshing native plugins compatible for Editor in 0.38 ms, found 2 plugins.
Preloading 0 native plugins for Editor in 0.00 ms.
Mono: successfully reloaded assembly
- Completed reload, in  0.966 seconds
Platform modules already initialized, skipping
Refreshing native plugins compatible for Editor in 0.36 ms, found 2 plugins.
Preloading 0 native plugins for Editor in 0.00 ms.
Unloading 1519 Unused Serialized files (Serialized files now loaded: 0)
System memory in use before: 72.2 MB.
System memory in use after: 72.3 MB.

Unloading 13 unused Assets to reduce memory usage. Loaded Objects now: 2004.
Total: 2.103900 ms (FindLiveObjects: 0.158700 ms CreateObjectMapping: 0.044300 ms MarkObjects: 1.850100 ms  DeleteObjects: 0.050000 ms)

========================================================================
Received Import Request.
  Time since last request: 114.843395 seconds.
  path: Assets/Texture/LevelTexture/Levels Textures/pixil-frame-0 (1).png
  artifactKey: Guid(38d21839cf5231f45a2ba4e7064e2c4a) Importer(815301076,1909f56bfc062723c751e8b465ee728b)
Start importing Assets/Texture/LevelTexture/Levels Textures/pixil-frame-0 (1).png using Guid(38d21839cf5231f45a2ba4e7064e2c4a) Importer(815301076,1909f56bfc062723c751e8b465ee728b)  -> (artifact id: '7ffa26ffbc58fe71b448a0191a2f053e') in 0.029265 seconds
  Import took 0.033849 seconds .

========================================================================
Received Import Request.
  Time since last request: 6.686722 seconds.
  path: Assets/Texture/LevelTexture/Levels Textures/pixil-frame-0 (3).png
  artifactKey: Guid(70b6a070c553baf4585a31280771f744) Importer(815301076,1909f56bfc062723c751e8b465ee728b)
Start importing Assets/Texture/LevelTexture/Levels Textures/pixil-frame-0 (3).png using Guid(70b6a070c553baf4585a31280771f744) Importer(815301076,1909f56bfc062723c751e8b465ee728b)  -> (artifact id: '3f6ccb16176ece207e5ad072af8f4e09') in 0.006525 seconds
  Import took 0.012030 seconds .

========================================================================
Received Import Request.
  Time since last request: 0.011490 seconds.
  path: Assets/Texture/LevelTexture/Levels Textures/pixil-frame-0 (2).png
  artifactKey: Guid(5287c9d5446bb9f49b82985c35036c40) Importer(815301076,1909f56bfc062723c751e8b465ee728b)
Start importing Assets/Texture/LevelTexture/Levels Textures/pixil-frame-0 (2).png using Guid(5287c9d5446bb9f49b82985c35036c40) Importer(815301076,1909f56bfc062723c751e8b465ee728b)  -> (artifact id: 'c74d28b318c613e8e169eac80b253481') in 0.007911 seconds
  Import took 0.013556 seconds .

========================================================================
Received Import Request.
  Time since last request: 0.000307 seconds.
  path: Assets/Texture/LevelTexture/Levels Textures/pixil-frame-0 (4).png
  artifactKey: Guid(ca3bff2524635604292d55ef06e389d1) Importer(815301076,1909f56bfc062723c751e8b465ee728b)
Start importing Assets/Texture/LevelTexture/Levels Textures/pixil-frame-0 (4).png using Guid(ca3bff2524635604292d55ef06e389d1) Importer(815301076,1909f56bfc062723c751e8b465ee728b)  -> (artifact id: 'c34fd40c3ec028bb63b06c20b6017d82') in 0.009570 seconds
  Import took 0.015226 seconds .

========================================================================
Received Import Request.
  Time since last request: 0.002014 seconds.
  path: Assets/Texture/LevelTexture/Levels Textures/pixil-frame-0 (4).png
  artifactKey: Guid(ca3bff2524635604292d55ef06e389d1) Importer(815301076,1909f56bfc062723c751e8b465ee728b)
Start importing Assets/Texture/LevelTexture/Levels Textures/pixil-frame-0 (4).png using Guid(ca3bff2524635604292d55ef06e389d1) Importer(815301076,1909f56bfc062723c751e8b465ee728b)  -> (artifact id: 'c34fd40c3ec028bb63b06c20b6017d82') in 0.007620 seconds
  Import took 0.011135 seconds .

========================================================================
Received Prepare
Registering precompiled user dll's ...
Registered in 0.005074 seconds.
Begin MonoManager ReloadAssembly
Native extension for WindowsStandalone target not found
Refreshing native plugins compatible for Editor in 0.82 ms, found 2 plugins.
Preloading 0 native plugins for Editor in 0.00 ms.
Mono: successfully reloaded assembly
- Completed reload, in  1.113 seconds
Platform modules already initialized, skipping
Refreshing native plugins compatible for Editor in 0.41 ms, found 2 plugins.
Preloading 0 native plugins for Editor in 0.00 ms.
Unloading 1519 Unused Serialized files (Serialized files now loaded: 0)
System memory in use before: 72.2 MB.
System memory in use after: 72.3 MB.

Unloading 13 unused Assets to reduce memory usage. Loaded Objects now: 2006.
Total: 2.547900 ms (FindLiveObjects: 0.160400 ms CreateObjectMapping: 0.042100 ms MarkObjects: 2.325500 ms  DeleteObjects: 0.018900 ms)

========================================================================
Received Import Request.
  Time since last request: 434.366632 seconds.
  path: Assets/Texture/LevelTexture/Levels Textures/lvl6.png
  artifactKey: Guid(38d21839cf5231f45a2ba4e7064e2c4a) Importer(815301076,1909f56bfc062723c751e8b465ee728b)
Start importing Assets/Texture/LevelTexture/Levels Textures/lvl6.png using Guid(38d21839cf5231f45a2ba4e7064e2c4a) Importer(815301076,1909f56bfc062723c751e8b465ee728b)  -> (artifact id: '66f2415f2e014fa3e8915af26e62cc0c') in 0.039804 seconds
  Import took 0.044091 seconds .

========================================================================
Received Import Request.
  Time since last request: 3.600626 seconds.
  path: Assets/Texture/LevelTexture/Levels Textures/lvl67.png
  artifactKey: Guid(5287c9d5446bb9f49b82985c35036c40) Importer(815301076,1909f56bfc062723c751e8b465ee728b)
Start importing Assets/Texture/LevelTexture/Levels Textures/lvl67.png using Guid(5287c9d5446bb9f49b82985c35036c40) Importer(815301076,1909f56bfc062723c751e8b465ee728b)  -> (artifact id: '261a59947b22ae5bac6c7183d85a20fd') in 0.011272 seconds
  Import took 0.017685 seconds .

========================================================================
Received Import Request.
  Time since last request: 0.013875 seconds.
  path: Assets/Texture/LevelTexture/Levels Textures/lvl67.png
  artifactKey: Guid(5287c9d5446bb9f49b82985c35036c40) Importer(815301076,1909f56bfc062723c751e8b465ee728b)
Start importing Assets/Texture/LevelTexture/Levels Textures/lvl67.png using Guid(5287c9d5446bb9f49b82985c35036c40) Importer(815301076,1909f56bfc062723c751e8b465ee728b)  -> (artifact id: '261a59947b22ae5bac6c7183d85a20fd') in 0.009952 seconds
  Import took 0.013397 seconds .

========================================================================
Received Import Request.
  Time since last request: 3.010229 seconds.
  path: Assets/Texture/LevelTexture/Levels Textures/lvl.png
  artifactKey: Guid(5287c9d5446bb9f49b82985c35036c40) Importer(815301076,1909f56bfc062723c751e8b465ee728b)
Start importing Assets/Texture/LevelTexture/Levels Textures/lvl.png using Guid(5287c9d5446bb9f49b82985c35036c40) Importer(815301076,1909f56bfc062723c751e8b465ee728b)  -> (artifact id: '5d186788e2e264ebbc72286e92fac9ac') in 0.011324 seconds
  Import took 0.015125 seconds .

========================================================================
Received Import Request.
  Time since last request: 0.008942 seconds.
  path: Assets/Texture/LevelTexture/Levels Textures/lvl.png
  artifactKey: Guid(5287c9d5446bb9f49b82985c35036c40) Importer(815301076,1909f56bfc062723c751e8b465ee728b)
Start importing Assets/Texture/LevelTexture/Levels Textures/lvl.png using Guid(5287c9d5446bb9f49b82985c35036c40) Importer(815301076,1909f56bfc062723c751e8b465ee728b)  -> (artifact id: '5d186788e2e264ebbc72286e92fac9ac') in 0.010719 seconds
  Import took 0.015230 seconds .

========================================================================
Received Import Request.
  Time since last request: 3.836791 seconds.
  path: Assets/Texture/LevelTexture/Levels Textures/7.png
  artifactKey: Guid(5287c9d5446bb9f49b82985c35036c40) Importer(815301076,1909f56bfc062723c751e8b465ee728b)
Start importing Assets/Texture/LevelTexture/Levels Textures/7.png using Guid(5287c9d5446bb9f49b82985c35036c40) Importer(815301076,1909f56bfc062723c751e8b465ee728b)  -> (artifact id: 'f39c661623572abb3abb1332465ab8d3') in 0.015268 seconds
  Import took 0.019651 seconds .

========================================================================
Received Import Request.
  Time since last request: 0.004706 seconds.
  path: Assets/Texture/LevelTexture/Levels Textures/7.png
  artifactKey: Guid(5287c9d5446bb9f49b82985c35036c40) Importer(815301076,1909f56bfc062723c751e8b465ee728b)
Start importing Assets/Texture/LevelTexture/Levels Textures/7.png using Guid(5287c9d5446bb9f49b82985c35036c40) Importer(815301076,1909f56bfc062723c751e8b465ee728b)  -> (artifact id: 'f39c661623572abb3abb1332465ab8d3') in 0.009235 seconds
  Import took 0.012637 seconds .

========================================================================
Received Import Request.
  Time since last request: 3.537682 seconds.
  path: Assets/Texture/LevelTexture/Levels Textures/lvl7.png
  artifactKey: Guid(5287c9d5446bb9f49b82985c35036c40) Importer(815301076,1909f56bfc062723c751e8b465ee728b)
Start importing Assets/Texture/LevelTexture/Levels Textures/lvl7.png using Guid(5287c9d5446bb9f49b82985c35036c40) Importer(815301076,1909f56bfc062723c751e8b465ee728b)  -> (artifact id: '36fddcff076b0e768a48e72f704da83e') in 0.011641 seconds
  Import took 0.014620 seconds .

========================================================================
Received Import Request.
  Time since last request: 0.009822 seconds.
  path: Assets/Texture/LevelTexture/Levels Textures/lvl7.png
  artifactKey: Guid(5287c9d5446bb9f49b82985c35036c40) Importer(815301076,1909f56bfc062723c751e8b465ee728b)
Start importing Assets/Texture/LevelTexture/Levels Textures/lvl7.png using Guid(5287c9d5446bb9f49b82985c35036c40) Importer(815301076,1909f56bfc062723c751e8b465ee728b)  -> (artifact id: '36fddcff076b0e768a48e72f704da83e') in 0.009810 seconds
  Import took 0.013132 seconds .

========================================================================
Received Import Request.
  Time since last request: 4.273924 seconds.
  path: Assets/Texture/LevelTexture/Levels Textures/lvl8.png
  artifactKey: Guid(70b6a070c553baf4585a31280771f744) Importer(815301076,1909f56bfc062723c751e8b465ee728b)
Start importing Assets/Texture/LevelTexture/Levels Textures/lvl8.png using Guid(70b6a070c553baf4585a31280771f744) Importer(815301076,1909f56bfc062723c751e8b465ee728b)  -> (artifact id: 'd31bf99c77024886312a2aa1fa573b53') in 0.010594 seconds
  Import took 0.014725 seconds .

========================================================================
Received Import Request.
  Time since last request: 0.008876 seconds.
  path: Assets/Texture/LevelTexture/Levels Textures/lvl8.png
  artifactKey: Guid(70b6a070c553baf4585a31280771f744) Importer(815301076,1909f56bfc062723c751e8b465ee728b)
Start importing Assets/Texture/LevelTexture/Levels Textures/lvl8.png using Guid(70b6a070c553baf4585a31280771f744) Importer(815301076,1909f56bfc062723c751e8b465ee728b)  -> (artifact id: 'd31bf99c77024886312a2aa1fa573b53') in 0.014389 seconds
  Import took 0.018957 seconds .

========================================================================
Received Import Request.
  Time since last request: 5.774181 seconds.
  path: Assets/Texture/LevelTexture/Levels Textures/lvl9.png
  artifactKey: Guid(ca3bff2524635604292d55ef06e389d1) Importer(815301076,1909f56bfc062723c751e8b465ee728b)
Start importing Assets/Texture/LevelTexture/Levels Textures/lvl9.png using Guid(ca3bff2524635604292d55ef06e389d1) Importer(815301076,1909f56bfc062723c751e8b465ee728b)  -> (artifact id: '5e5a675a90c3668ffce01e09d26c7f93') in 0.029191 seconds
  Import took 0.033560 seconds .

========================================================================
Received Import Request.
  Time since last request: 20.119264 seconds.
  path: Assets/Texture/LevelTexture/Levels Textures/lvl10.png
  artifactKey: Guid(e4ceb5d85567e2f4d80bc152952e6481) Importer(815301076,1909f56bfc062723c751e8b465ee728b)
Start importing Assets/Texture/LevelTexture/Levels Textures/lvl10.png using Guid(e4ceb5d85567e2f4d80bc152952e6481) Importer(815301076,1909f56bfc062723c751e8b465ee728b)  -> (artifact id: '20a715b12404fcf69f52991c8f8fd9bc') in 0.013217 seconds
  Import took 0.017050 seconds .

========================================================================
Received Import Request.
  Time since last request: 0.000255 seconds.
  path: Assets/Texture/LevelTexture/Levels Textures/lvl11.png
  artifactKey: Guid(0bf17ed7b4ab91b4cb2f0a48ca003f61) Importer(815301076,1909f56bfc062723c751e8b465ee728b)
Start importing Assets/Texture/LevelTexture/Levels Textures/lvl11.png using Guid(0bf17ed7b4ab91b4cb2f0a48ca003f61) Importer(815301076,1909f56bfc062723c751e8b465ee728b)  -> (artifact id: 'c892c6e865dae98534ad88c3bf3ac019') in 0.011437 seconds
  Import took 0.015605 seconds .

========================================================================
Received Import Request.
  Time since last request: 0.000283 seconds.
  path: Assets/Texture/LevelTexture/Levels Textures/lvl12.png
  artifactKey: Guid(7a008d3cc7556284aa695a19d9fa5fdf) Importer(815301076,1909f56bfc062723c751e8b465ee728b)
Start importing Assets/Texture/LevelTexture/Levels Textures/lvl12.png using Guid(7a008d3cc7556284aa695a19d9fa5fdf) Importer(815301076,1909f56bfc062723c751e8b465ee728b)  -> (artifact id: 'e735e67398b0733515d5ccbd2410c623') in 0.010291 seconds
  Import took 0.013240 seconds .

========================================================================
Received Import Request.
  Time since last request: 16.088011 seconds.
  path: Assets/Texture/LevelTexture/Levels Textures/lvl11.png
  artifactKey: Guid(0bf17ed7b4ab91b4cb2f0a48ca003f61) Importer(815301076,1909f56bfc062723c751e8b465ee728b)
Start importing Assets/Texture/LevelTexture/Levels Textures/lvl11.png using Guid(0bf17ed7b4ab91b4cb2f0a48ca003f61) Importer(815301076,1909f56bfc062723c751e8b465ee728b)  -> (artifact id: '9fc7622ed49a7ed67d0bea35f9ef1f65') in 0.030422 seconds
  Import took 0.035814 seconds .

========================================================================
Received Import Request.
  Time since last request: 0.007748 seconds.
  path: Assets/Texture/LevelTexture/Levels Textures/lvl10.png
  artifactKey: Guid(e4ceb5d85567e2f4d80bc152952e6481) Importer(815301076,1909f56bfc062723c751e8b465ee728b)
Start importing Assets/Texture/LevelTexture/Levels Textures/lvl10.png using Guid(e4ceb5d85567e2f4d80bc152952e6481) Importer(815301076,1909f56bfc062723c751e8b465ee728b)  -> (artifact id: 'ae776b34e1f7a8a98e1b6a2bca843b8e') in 0.015997 seconds
  Import took 0.020663 seconds .

========================================================================
Received Import Request.
  Time since last request: 0.000210 seconds.
  path: Assets/Texture/LevelTexture/Levels Textures/lvl12.png
  artifactKey: Guid(7a008d3cc7556284aa695a19d9fa5fdf) Importer(815301076,1909f56bfc062723c751e8b465ee728b)
Start importing Assets/Texture/LevelTexture/Levels Textures/lvl12.png using Guid(7a008d3cc7556284aa695a19d9fa5fdf) Importer(815301076,1909f56bfc062723c751e8b465ee728b)  -> (artifact id: '41557fb15420c39c89b4a30ce53a4d7d') in 0.015719 seconds
  Import took 0.019246 seconds .

========================================================================
Received Import Request.
  Time since last request: 0.008228 seconds.
  path: Assets/Texture/LevelTexture/Levels Textures/lvl12.png
  artifactKey: Guid(7a008d3cc7556284aa695a19d9fa5fdf) Importer(815301076,1909f56bfc062723c751e8b465ee728b)
Start importing Assets/Texture/LevelTexture/Levels Textures/lvl12.png using Guid(7a008d3cc7556284aa695a19d9fa5fdf) Importer(815301076,1909f56bfc062723c751e8b465ee728b)  -> (artifact id: '41557fb15420c39c89b4a30ce53a4d7d') in 0.016961 seconds
  Import took 0.022417 seconds .

========================================================================
Received Prepare
Registering precompiled user dll's ...
Registered in 0.005234 seconds.
Begin MonoManager ReloadAssembly
Native extension for WindowsStandalone target not found
Refreshing native plugins compatible for Editor in 0.32 ms, found 2 plugins.
Preloading 0 native plugins for Editor in 0.00 ms.
Mono: successfully reloaded assembly
- Completed reload, in  0.969 seconds
Platform modules already initialized, skipping
Refreshing native plugins compatible for Editor in 0.41 ms, found 2 plugins.
Preloading 0 native plugins for Editor in 0.00 ms.
Unloading 1519 Unused Serialized files (Serialized files now loaded: 0)
System memory in use before: 72.2 MB.
System memory in use after: 72.4 MB.

Unloading 13 unused Assets to reduce memory usage. Loaded Objects now: 2008.
Total: 1.742600 ms (FindLiveObjects: 0.156300 ms CreateObjectMapping: 0.046100 ms MarkObjects: 1.524500 ms  DeleteObjects: 0.014700 ms)

========================================================================
Received Prepare
Registering precompiled user dll's ...
Registered in 0.003741 seconds.
Begin MonoManager ReloadAssembly
Native extension for WindowsStandalone target not found
Refreshing native plugins compatible for Editor in 0.45 ms, found 2 plugins.
Preloading 0 native plugins for Editor in 0.00 ms.
Mono: successfully reloaded assembly
- Completed reload, in  1.041 seconds
Platform modules already initialized, skipping
Refreshing native plugins compatible for Editor in 0.51 ms, found 2 plugins.
Preloading 0 native plugins for Editor in 0.00 ms.
Unloading 1519 Unused Serialized files (Serialized files now loaded: 0)
System memory in use before: 72.3 MB.
System memory in use after: 72.4 MB.

Unloading 13 unused Assets to reduce memory usage. Loaded Objects now: 2010.
Total: 2.642900 ms (FindLiveObjects: 0.356300 ms CreateObjectMapping: 0.141000 ms MarkObjects: 2.105600 ms  DeleteObjects: 0.038800 ms)

========================================================================
Received Import Request.
  Time since last request: 205.041931 seconds.
  path: Assets/Texture/LevelTexture/Levels Textures/lvl9.png
  artifactKey: Guid(e4ceb5d85567e2f4d80bc152952e6481) Importer(815301076,1909f56bfc062723c751e8b465ee728b)
Start importing Assets/Texture/LevelTexture/Levels Textures/lvl9.png using Guid(e4ceb5d85567e2f4d80bc152952e6481) Importer(815301076,1909f56bfc062723c751e8b465ee728b)  -> (artifact id: 'e68fb145a8752cf416d810c059aab2f6') in 0.039134 seconds
  Import took 0.043001 seconds .

========================================================================
Received Import Request.
  Time since last request: 3.916554 seconds.
  path: Assets/Texture/LevelTexture/Levels Textures/lvl11.png
  artifactKey: Guid(7a008d3cc7556284aa695a19d9fa5fdf) Importer(815301076,1909f56bfc062723c751e8b465ee728b)
Start importing Assets/Texture/LevelTexture/Levels Textures/lvl11.png using Guid(7a008d3cc7556284aa695a19d9fa5fdf) Importer(815301076,1909f56bfc062723c751e8b465ee728b)  -> (artifact id: '44b40ca81be771b687b8a86968978422') in 0.010503 seconds
  Import took 0.014009 seconds .

========================================================================
Received Import Request.
  Time since last request: 0.012439 seconds.
  path: Assets/Texture/LevelTexture/Levels Textures/lvl11.png
  artifactKey: Guid(7a008d3cc7556284aa695a19d9fa5fdf) Importer(815301076,1909f56bfc062723c751e8b465ee728b)
Start importing Assets/Texture/LevelTexture/Levels Textures/lvl11.png using Guid(7a008d3cc7556284aa695a19d9fa5fdf) Importer(815301076,1909f56bfc062723c751e8b465ee728b)  -> (artifact id: '44b40ca81be771b687b8a86968978422') in 0.008995 seconds
  Import took 0.013554 seconds .

========================================================================
Received Prepare
Registering precompiled user dll's ...
Registered in 0.003916 seconds.
Begin MonoManager ReloadAssembly
Native extension for WindowsStandalone target not found
Refreshing native plugins compatible for Editor in 0.39 ms, found 2 plugins.
Preloading 0 native plugins for Editor in 0.00 ms.
Mono: successfully reloaded assembly
- Completed reload, in  1.035 seconds
Platform modules already initialized, skipping
Refreshing native plugins compatible for Editor in 0.39 ms, found 2 plugins.
Preloading 0 native plugins for Editor in 0.00 ms.
Unloading 1519 Unused Serialized files (Serialized files now loaded: 0)
System memory in use before: 72.3 MB.
System memory in use after: 72.4 MB.

Unloading 13 unused Assets to reduce memory usage. Loaded Objects now: 2012.
Total: 1.963600 ms (FindLiveObjects: 0.150900 ms CreateObjectMapping: 0.051600 ms MarkObjects: 1.741300 ms  DeleteObjects: 0.018800 ms)

========================================================================
Received Prepare
Registering precompiled user dll's ...
Registered in 0.004352 seconds.
Begin MonoManager ReloadAssembly
Native extension for WindowsStandalone target not found
Refreshing native plugins compatible for Editor in 0.33 ms, found 2 plugins.
Preloading 0 native plugins for Editor in 0.00 ms.
Mono: successfully reloaded assembly
- Completed reload, in  1.049 seconds
Platform modules already initialized, skipping
Refreshing native plugins compatible for Editor in 0.70 ms, found 2 plugins.
Preloading 0 native plugins for Editor in 0.00 ms.
Unloading 1519 Unused Serialized files (Serialized files now loaded: 0)
System memory in use before: 72.3 MB.
System memory in use after: 72.4 MB.

Unloading 13 unused Assets to reduce memory usage. Loaded Objects now: 2014.
Total: 2.337800 ms (FindLiveObjects: 0.179900 ms CreateObjectMapping: 0.051800 ms MarkObjects: 2.089300 ms  DeleteObjects: 0.016000 ms)

========================================================================
Received Prepare
Registering precompiled user dll's ...
Registered in 0.006234 seconds.
Begin MonoManager ReloadAssembly
Native extension for WindowsStandalone target not found
Refreshing native plugins compatible for Editor in 0.36 ms, found 2 plugins.
Preloading 0 native plugins for Editor in 0.00 ms.
Mono: successfully reloaded assembly
- Completed reload, in  1.240 seconds
Platform modules already initialized, skipping
Refreshing native plugins compatible for Editor in 0.40 ms, found 2 plugins.
Preloading 0 native plugins for Editor in 0.00 ms.
Unloading 1519 Unused Serialized files (Serialized files now loaded: 0)
System memory in use before: 72.3 MB.
System memory in use after: 72.4 MB.

Unloading 13 unused Assets to reduce memory usage. Loaded Objects now: 2016.
Total: 2.064700 ms (FindLiveObjects: 0.209500 ms CreateObjectMapping: 0.091100 ms MarkObjects: 1.737000 ms  DeleteObjects: 0.025900 ms)

